<?xml version="1.0" encoding="UTF-8"?>
<testsuite name="TestUnit" tests="1" skipped="0" failures="0" errors="0" timestamp="2021-04-24T05:51:08" hostname="DESKTOP-45AJMKJ" time="1.49">
  <properties/>
  <testcase name="addMovie()" classname="TestUnit" time="1.49"/>
  <system-out><![CDATA[Hibernate: 
    
    alter table charts_movies 
       drop constraint if exists FKhqyuwrce118nc0tjboavsfg1l
Hibernate: 
    
    alter table charts_movies 
       drop constraint if exists FKkw6sbv9nybew1xjhu6rgyea04
Hibernate: 
    
    drop table if exists charts cascade
Hibernate: 
    
    drop table if exists charts_movies cascade
Hibernate: 
    
    drop table if exists movies cascade
Hibernate: 
    
    drop sequence if exists hibernate_sequence
Hibernate: create sequence hibernate_sequence start 1 increment 1
Hibernate: 
    
    create table charts (
       id int4 not null,
        creation_date varchar(255),
        name varchar(255),
        primary key (id)
    )
Hibernate: 
    
    create table charts_movies (
       Chart_id int4 not null,
        movieList_id int4 not null,
        primary key (Chart_id, movieList_id)
    )
Hibernate: 
    
    create table movies (
       id int4 not null,
        duration varchar(255),
        id_movie varchar(255),
        release_date varchar(255),
        score float8 not null,
        title varchar(255),
        votes int4 not null,
        primary key (id)
    )
Hibernate: 
    
    alter table charts_movies 
       add constraint UK_8th13wd90meatm099pkw65j5t unique (movieList_id)
Hibernate: 
    
    alter table movies 
       add constraint UK_rs1f69fjc2lp8o0i15ses0tse unique (id_movie)
Hibernate: 
    
    alter table movies 
       add constraint UK_govm2dombrdnujupo3o7hvtep unique (title)
Hibernate: 
    
    alter table charts_movies 
       add constraint FKhqyuwrce118nc0tjboavsfg1l 
       foreign key (movieList_id) 
       references movies
Hibernate: 
    
    alter table charts_movies 
       add constraint FKkw6sbv9nybew1xjhu6rgyea04 
       foreign key (Chart_id) 
       references charts
Hibernate: 
    select
        nextval ('hibernate_sequence')
Hibernate: 
    insert 
    into
        movies
        (duration, id_movie, release_date, score, title, votes, id) 
    values
        (?, ?, ?, ?, ?, ?, ?)
Hibernate: 
    update
        movies 
    set
        duration=?,
        id_movie=?,
        release_date=?,
        score=?,
        title=?,
        votes=? 
    where
        id=?
Hibernate: 
    select
        movie0_.id as id1_2_,
        movie0_.duration as duration2_2_,
        movie0_.id_movie as id_movie3_2_,
        movie0_.release_date as release_4_2_,
        movie0_.score as score5_2_,
        movie0_.title as title6_2_,
        movie0_.votes as votes7_2_ 
    from
        movies movie0_ 
    where
        movie0_.id=?
Movie{id=1, idMovie='tt0417299', title='Avatar: The Last Airbender', releaseDate='February 21, 2005', duration='63 episodes', score=0.0, votes=0}
Hibernate: 
    select
        movie0_.id as id1_2_,
        movie0_.duration as duration2_2_,
        movie0_.id_movie as id_movie3_2_,
        movie0_.release_date as release_4_2_,
        movie0_.score as score5_2_,
        movie0_.title as title6_2_,
        movie0_.votes as votes7_2_ 
    from
        movies movie0_ 
    where
        movie0_.title=?
[Movie{id=1, idMovie='tt0417299', title='Avatar: The Last Airbender', releaseDate='February 21, 2005', duration='63 episodes', score=0.0, votes=0}]
]]></system-out>
  <system-err><![CDATA[Apr 24, 2021 8:51:08 AM org.hibernate.jpa.internal.util.LogHelper logPersistenceUnitInformation
INFO: HHH000204: Processing PersistenceUnitInfo [name: jpa]
Apr 24, 2021 8:51:09 AM org.hibernate.Version logVersion
INFO: HHH000412: Hibernate ORM core version 5.4.30.Final
Apr 24, 2021 8:51:09 AM org.hibernate.annotations.common.reflection.java.JavaReflectionManager <clinit>
INFO: HCANN000001: Hibernate Commons Annotations {5.1.2.Final}
Apr 24, 2021 8:51:09 AM org.hibernate.engine.jdbc.connections.internal.DriverManagerConnectionProviderImpl configure
WARN: HHH10001002: Using Hibernate built-in connection pool (not for production use!)
Apr 24, 2021 8:51:09 AM org.hibernate.engine.jdbc.connections.internal.DriverManagerConnectionProviderImpl buildCreator
INFO: HHH10001005: using driver [org.postgresql.Driver] at URL [jdbc:postgresql://localhost:5432/lab_9]
Apr 24, 2021 8:51:09 AM org.hibernate.engine.jdbc.connections.internal.DriverManagerConnectionProviderImpl buildCreator
INFO: HHH10001001: Connection properties: {password=****, user=postgres}
Apr 24, 2021 8:51:09 AM org.hibernate.engine.jdbc.connections.internal.DriverManagerConnectionProviderImpl buildCreator
INFO: HHH10001003: Autocommit mode: false
Apr 24, 2021 8:51:09 AM org.hibernate.engine.jdbc.connections.internal.DriverManagerConnectionProviderImpl$PooledConnections <init>
INFO: HHH000115: Hibernate connection pool size: 20 (min=1)
Apr 24, 2021 8:51:09 AM org.hibernate.dialect.Dialect <init>
INFO: HHH000400: Using dialect: org.hibernate.dialect.PostgreSQL9Dialect
Apr 24, 2021 8:51:10 AM org.hibernate.resource.transaction.backend.jdbc.internal.DdlTransactionIsolatorNonJtaImpl getIsolatedConnection
INFO: HHH10001501: Connection obtained from JdbcConnectionAccess [org.hibernate.engine.jdbc.env.internal.JdbcEnvironmentInitiator$ConnectionProviderJdbcConnectionAccess@1127ddbc] for (non-JTA) DDL execution was not in auto-commit mode; the Connection 'local transaction' will be committed and the Connection will be set into auto-commit mode.
Apr 24, 2021 8:51:10 AM org.hibernate.resource.transaction.backend.jdbc.internal.DdlTransactionIsolatorNonJtaImpl getIsolatedConnection
INFO: HHH10001501: Connection obtained from JdbcConnectionAccess [org.hibernate.engine.jdbc.env.internal.JdbcEnvironmentInitiator$ConnectionProviderJdbcConnectionAccess@1ba912f0] for (non-JTA) DDL execution was not in auto-commit mode; the Connection 'local transaction' will be committed and the Connection will be set into auto-commit mode.
Apr 24, 2021 8:51:10 AM org.hibernate.engine.transaction.jta.platform.internal.JtaPlatformInitiator initiateService
INFO: HHH000490: Using JtaPlatform implementation: [org.hibernate.engine.transaction.jta.platform.internal.NoJtaPlatform]
]]></system-err>
</testsuite>
