<?xml version="1.0" encoding="UTF-8"?>
<testsuite name="DatasetStatisticsReport" tests="1" skipped="0" failures="0" errors="0" timestamp="2021-04-16T20:18:52" hostname="DESKTOP-45AJMKJ" time="3.653">
  <properties/>
  <testcase name="movieStatisticsTest()" classname="DatasetStatisticsReport" time="3.653"/>
  <system-out><![CDATA[]]></system-out>
  <system-err><![CDATA[]]></system-err>
</testsuite>
