<?xml version="1.0" encoding="UTF-8"?>
<testsuite name="DatasetStatisticsReport" tests="1" skipped="0" failures="0" errors="0" timestamp="2021-04-23T13:51:02" hostname="DESKTOP-45AJMKJ" time="9.591">
  <properties/>
  <testcase name="movieStatisticsTest()" classname="DatasetStatisticsReport" time="9.591"/>
  <system-out><![CDATA[]]></system-out>
  <system-err><![CDATA[]]></system-err>
</testsuite>
